Apache Maven 3.3.9 (bb52d8502b132ec0a5a3f4c09453c07478323dc5; 2015-11-10T08:41:47-08:00)
Maven home: /Users/saisaranvaidyanathan/apache-maven-3.3.9
Java version: 1.7.0_79, vendor: Oracle Corporation
Java home: /Library/Java/JavaVirtualMachines/jdk1.7.0_79.jdk/Contents/Home/jre
Default locale: en_US, platform encoding: UTF-8
OS name: "mac os x", version: "10.11.3", arch: "x86_64", family: "mac"
[DEBUG] Created new class realm maven.api
[DEBUG] Importing foreign packages into class realm maven.api
[DEBUG]   Imported: javax.enterprise.inject.* < plexus.core
[DEBUG]   Imported: javax.enterprise.util.* < plexus.core
[DEBUG]   Imported: javax.inject.* < plexus.core
[DEBUG]   Imported: org.apache.maven.* < plexus.core
[DEBUG]   Imported: org.apache.maven.artifact < plexus.core
[DEBUG]   Imported: org.apache.maven.classrealm < plexus.core
[DEBUG]   Imported: org.apache.maven.cli < plexus.core
[DEBUG]   Imported: org.apache.maven.configuration < plexus.core
[DEBUG]   Imported: org.apache.maven.exception < plexus.core
[DEBUG]   Imported: org.apache.maven.execution < plexus.core
[DEBUG]   Imported: org.apache.maven.execution.scope < plexus.core
[DEBUG]   Imported: org.apache.maven.lifecycle < plexus.core
[DEBUG]   Imported: org.apache.maven.model < plexus.core
[DEBUG]   Imported: org.apache.maven.monitor < plexus.core
[DEBUG]   Imported: org.apache.maven.plugin < plexus.core
[DEBUG]   Imported: org.apache.maven.profiles < plexus.core
[DEBUG]   Imported: org.apache.maven.project < plexus.core
[DEBUG]   Imported: org.apache.maven.reporting < plexus.core
[DEBUG]   Imported: org.apache.maven.repository < plexus.core
[DEBUG]   Imported: org.apache.maven.rtinfo < plexus.core
[DEBUG]   Imported: org.apache.maven.settings < plexus.core
[DEBUG]   Imported: org.apache.maven.toolchain < plexus.core
[DEBUG]   Imported: org.apache.maven.usability < plexus.core
[DEBUG]   Imported: org.apache.maven.wagon.* < plexus.core
[DEBUG]   Imported: org.apache.maven.wagon.authentication < plexus.core
[DEBUG]   Imported: org.apache.maven.wagon.authorization < plexus.core
[DEBUG]   Imported: org.apache.maven.wagon.events < plexus.core
[DEBUG]   Imported: org.apache.maven.wagon.observers < plexus.core
[DEBUG]   Imported: org.apache.maven.wagon.proxy < plexus.core
[DEBUG]   Imported: org.apache.maven.wagon.repository < plexus.core
[DEBUG]   Imported: org.apache.maven.wagon.resource < plexus.core
[DEBUG]   Imported: org.codehaus.classworlds < plexus.core
[DEBUG]   Imported: org.codehaus.plexus.* < plexus.core
[DEBUG]   Imported: org.codehaus.plexus.classworlds < plexus.core
[DEBUG]   Imported: org.codehaus.plexus.component < plexus.core
[DEBUG]   Imported: org.codehaus.plexus.configuration < plexus.core
[DEBUG]   Imported: org.codehaus.plexus.container < plexus.core
[DEBUG]   Imported: org.codehaus.plexus.context < plexus.core
[DEBUG]   Imported: org.codehaus.plexus.lifecycle < plexus.core
[DEBUG]   Imported: org.codehaus.plexus.logging < plexus.core
[DEBUG]   Imported: org.codehaus.plexus.personality < plexus.core
[DEBUG]   Imported: org.codehaus.plexus.util.xml.Xpp3Dom < plexus.core
[DEBUG]   Imported: org.codehaus.plexus.util.xml.pull.XmlPullParser < plexus.core
[DEBUG]   Imported: org.codehaus.plexus.util.xml.pull.XmlPullParserException < plexus.core
[DEBUG]   Imported: org.codehaus.plexus.util.xml.pull.XmlSerializer < plexus.core
[DEBUG]   Imported: org.eclipse.aether.* < plexus.core
[DEBUG]   Imported: org.eclipse.aether.artifact < plexus.core
[DEBUG]   Imported: org.eclipse.aether.collection < plexus.core
[DEBUG]   Imported: org.eclipse.aether.deployment < plexus.core
[DEBUG]   Imported: org.eclipse.aether.graph < plexus.core
[DEBUG]   Imported: org.eclipse.aether.impl < plexus.core
[DEBUG]   Imported: org.eclipse.aether.installation < plexus.core
[DEBUG]   Imported: org.eclipse.aether.internal.impl < plexus.core
[DEBUG]   Imported: org.eclipse.aether.metadata < plexus.core
[DEBUG]   Imported: org.eclipse.aether.repository < plexus.core
[DEBUG]   Imported: org.eclipse.aether.resolution < plexus.core
[DEBUG]   Imported: org.eclipse.aether.spi < plexus.core
[DEBUG]   Imported: org.eclipse.aether.transfer < plexus.core
[DEBUG]   Imported: org.eclipse.aether.version < plexus.core
[DEBUG]   Imported: org.slf4j.* < plexus.core
[DEBUG]   Imported: org.slf4j.helpers.* < plexus.core
[DEBUG]   Imported: org.slf4j.spi.* < plexus.core
[DEBUG] Populating class realm maven.api
[INFO] Error stacktraces are turned on.
[DEBUG] Reading global settings from /Users/saisaranvaidyanathan/apache-maven-3.3.9/conf/settings.xml
[DEBUG] Reading user settings from /Users/saisaranvaidyanathan/.m2/settings.xml
[DEBUG] Reading global toolchains from /Users/saisaranvaidyanathan/apache-maven-3.3.9/conf/toolchains.xml
[DEBUG] Reading user toolchains from /Users/saisaranvaidyanathan/.m2/toolchains.xml
[DEBUG] Using local repository at /Users/saisaranvaidyanathan/.m2/repository
[DEBUG] Using manager EnhancedLocalRepositoryManager with priority 10.0 for /Users/saisaranvaidyanathan/.m2/repository
[INFO] Scanning for projects...
[DEBUG] Extension realms for project apigee:security-sharedflow:pom:1.0: (none)
[DEBUG] Looking up lifecyle mappings for packaging pom from ClassRealm[plexus.core, parent: null]
[DEBUG] Extension realms for project apigee:parent-pom:pom:1.0: (none)
[DEBUG] Looking up lifecyle mappings for packaging pom from ClassRealm[plexus.core, parent: null]
[DEBUG] === REACTOR BUILD PLAN ================================================
[DEBUG] Project: apigee:security-sharedflow:pom:1.0
[DEBUG] Tasks:   [install]
[DEBUG] Style:   Regular
[DEBUG] =======================================================================
[INFO]                                                                         
[INFO] ------------------------------------------------------------------------
[INFO] Building security-sharedflow 1.0
[INFO] ------------------------------------------------------------------------
[DEBUG] Lifecycle default -> [validate, initialize, generate-sources, process-sources, generate-resources, process-resources, compile, process-classes, generate-test-sources, process-test-sources, generate-test-resources, process-test-resources, test-compile, process-test-classes, test, prepare-package, package, pre-integration-test, integration-test, post-integration-test, verify, install, deploy]
[DEBUG] Lifecycle clean -> [pre-clean, clean, post-clean]
[DEBUG] Lifecycle site -> [pre-site, site, post-site, site-deploy]
[DEBUG] Lifecycle default -> [validate, initialize, generate-sources, process-sources, generate-resources, process-resources, compile, process-classes, generate-test-sources, process-test-sources, generate-test-resources, process-test-resources, test-compile, process-test-classes, test, prepare-package, package, pre-integration-test, integration-test, post-integration-test, verify, install, deploy]
[DEBUG] Lifecycle clean -> [pre-clean, clean, post-clean]
[DEBUG] Lifecycle site -> [pre-site, site, post-site, site-deploy]
[DEBUG] Lifecycle default -> [validate, initialize, generate-sources, process-sources, generate-resources, process-resources, compile, process-classes, generate-test-sources, process-test-sources, generate-test-resources, process-test-resources, test-compile, process-test-classes, test, prepare-package, package, pre-integration-test, integration-test, post-integration-test, verify, install, deploy]
[DEBUG] Lifecycle clean -> [pre-clean, clean, post-clean]
[DEBUG] Lifecycle site -> [pre-site, site, post-site, site-deploy]
[DEBUG] === PROJECT BUILD PLAN ================================================
[DEBUG] Project:       apigee:security-sharedflow:1.0
[DEBUG] Dependencies (collect): []
[DEBUG] Dependencies (resolve): []
[DEBUG] Repositories (dependencies): [central (https://repo.maven.apache.org/maven2, default, releases)]
[DEBUG] Repositories (plugins)     : [central (http://repo1.maven.org/maven2, default, releases)]
[DEBUG] -----------------------------------------------------------------------
[DEBUG] Goal:          org.apache.maven.plugins:maven-resources-plugin:2.6:copy-resources (default)
[DEBUG] Style:         Regular
[DEBUG] Configuration: <?xml version="1.0" encoding="UTF-8"?>
<configuration>
  <buildFilters default-value="${project.build.filters}"/>
  <encoding default-value="${project.build.sourceEncoding}">UTF-8</encoding>
  <escapeString>${maven.resources.escapeString}</escapeString>
  <escapeWindowsPaths default-value="true">${maven.resources.escapeWindowsPaths}</escapeWindowsPaths>
  <includeEmptyDirs default-value="false">${maven.resources.includeEmptyDirs}</includeEmptyDirs>
  <outputDirectory>/Users/saisaranvaidyanathan/STS_Workspace/apigee-deploy-maven-plugin/samples/security-sharedflow/src/sharedflows/security/target/sharedflowbundle</outputDirectory>
  <overwrite default-value="false">true</overwrite>
  <project default-value="${project}"/>
  <resources>
    <resource>
      <directory>sharedflowbundle</directory>
    </resource>
  </resources>
  <session default-value="${session}"/>
  <supportMultiLineFiltering default-value="false">${maven.resources.supportMultiLineFiltering}</supportMultiLineFiltering>
  <useBuildFilters default-value="true"/>
  <useDefaultDelimiters default-value="true"/>
</configuration>
[DEBUG] -----------------------------------------------------------------------
[DEBUG] Goal:          io.apigee.build-tools.enterprise4g:apigee-edge-maven-plugin:1.1.3:configure (configure-bundle)
[DEBUG] Style:         Regular
[DEBUG] Configuration: <?xml version="1.0" encoding="UTF-8"?>
<configuration>
  <apiVersion>${apigee.apiversion}</apiVersion>
  <artifactId>${project.artifactId}</artifactId>
  <authType default-value="basic">${apigee.authtype}</authType>
  <baseDirectory>${basedir}</baseDirectory>
  <buildDirectory>${project.build.directory}</buildDirectory>
  <buildOption>${build.option}</buildOption>
  <delay>${apigee.delay}</delay>
  <deploymentEnv default-value="${apigee.profile}">${apigee.env}</deploymentEnv>
  <hostURL>${apigee.hosturl}</hostURL>
  <id>${apigee.profile}</id>
  <mfaToken>${apigee.mfatoken}</mfaToken>
  <options>${apigee.options}</options>
  <orgName>${apigee.org}</orgName>
  <overridedelay>${apigee.override.delay}</overridedelay>
  <password>${apigee.password}</password>
  <projectName>${project.name}</projectName>
  <projectVersion>${project.version}</projectVersion>
  <revision>${apigee.revision}</revision>
  <skip default-value="false"/>
  <tokenURL default-value="https://login.apigee.com/oauth/token">${apigee.tokenurl}</tokenURL>
  <userName>${apigee.username}</userName>
</configuration>
[DEBUG] -----------------------------------------------------------------------
[DEBUG] Goal:          org.apache.maven.plugins:maven-install-plugin:2.4:install (default-install)
[DEBUG] Style:         Regular
[DEBUG] Configuration: <?xml version="1.0" encoding="UTF-8"?>
<configuration>
  <artifact default-value="${project.artifact}"/>
  <attachedArtifacts default-value="${project.attachedArtifacts}"/>
  <createChecksum default-value="false">${createChecksum}</createChecksum>
  <localRepository>${localRepository}</localRepository>
  <packaging default-value="${project.packaging}"/>
  <pomFile default-value="${project.file}"/>
  <skip default-value="false">${maven.install.skip}</skip>
  <updateReleaseInfo default-value="false">${updateReleaseInfo}</updateReleaseInfo>
</configuration>
[DEBUG] =======================================================================
[INFO] 
[INFO] --- maven-resources-plugin:2.6:copy-resources (default) @ security-sharedflow ---
[DEBUG] Dependency collection stats: {ConflictMarker.analyzeTime=0, ConflictMarker.markTime=1, ConflictMarker.nodeCount=77, ConflictIdSorter.graphTime=0, ConflictIdSorter.topsortTime=1, ConflictIdSorter.conflictIdCount=26, ConflictIdSorter.conflictIdCycleCount=0, ConflictResolver.totalTime=5, ConflictResolver.conflictItemCount=74, DefaultDependencyCollector.collectTime=132, DefaultDependencyCollector.transformTime=9}
[DEBUG] org.apache.maven.plugins:maven-resources-plugin:jar:2.6:
[DEBUG]    org.apache.maven:maven-plugin-api:jar:2.0.6:compile
[DEBUG]    org.apache.maven:maven-project:jar:2.0.6:compile
[DEBUG]       org.apache.maven:maven-profile:jar:2.0.6:compile
[DEBUG]       org.apache.maven:maven-artifact-manager:jar:2.0.6:compile
[DEBUG]       org.apache.maven:maven-plugin-registry:jar:2.0.6:compile
[DEBUG]    org.apache.maven:maven-core:jar:2.0.6:compile
[DEBUG]       org.apache.maven:maven-plugin-parameter-documenter:jar:2.0.6:compile
[DEBUG]       org.apache.maven.reporting:maven-reporting-api:jar:2.0.6:compile
[DEBUG]          org.apache.maven.doxia:doxia-sink-api:jar:1.0-alpha-7:compile
[DEBUG]       org.apache.maven:maven-repository-metadata:jar:2.0.6:compile
[DEBUG]       org.apache.maven:maven-error-diagnostics:jar:2.0.6:compile
[DEBUG]       commons-cli:commons-cli:jar:1.0:compile
[DEBUG]       org.apache.maven:maven-plugin-descriptor:jar:2.0.6:compile
[DEBUG]       org.codehaus.plexus:plexus-interactivity-api:jar:1.0-alpha-4:compile
[DEBUG]       classworlds:classworlds:jar:1.1:compile
[DEBUG]    org.apache.maven:maven-artifact:jar:2.0.6:compile
[DEBUG]    org.apache.maven:maven-settings:jar:2.0.6:compile
[DEBUG]    org.apache.maven:maven-model:jar:2.0.6:compile
[DEBUG]    org.apache.maven:maven-monitor:jar:2.0.6:compile
[DEBUG]    org.codehaus.plexus:plexus-container-default:jar:1.0-alpha-9-stable-1:compile
[DEBUG]       junit:junit:jar:3.8.1:compile
[DEBUG]    org.codehaus.plexus:plexus-utils:jar:2.0.5:compile
[DEBUG]    org.apache.maven.shared:maven-filtering:jar:1.1:compile
[DEBUG]       org.sonatype.plexus:plexus-build-api:jar:0.0.4:compile
[DEBUG]    org.codehaus.plexus:plexus-interpolation:jar:1.13:compile
[DEBUG] Created new class realm plugin>org.apache.maven.plugins:maven-resources-plugin:2.6
[DEBUG] Importing foreign packages into class realm plugin>org.apache.maven.plugins:maven-resources-plugin:2.6
[DEBUG]   Imported:  < maven.api
[DEBUG] Populating class realm plugin>org.apache.maven.plugins:maven-resources-plugin:2.6
[DEBUG]   Included: org.apache.maven.plugins:maven-resources-plugin:jar:2.6
[DEBUG]   Included: org.apache.maven.reporting:maven-reporting-api:jar:2.0.6
[DEBUG]   Included: org.apache.maven.doxia:doxia-sink-api:jar:1.0-alpha-7
[DEBUG]   Included: commons-cli:commons-cli:jar:1.0
[DEBUG]   Included: org.codehaus.plexus:plexus-interactivity-api:jar:1.0-alpha-4
[DEBUG]   Included: junit:junit:jar:3.8.1
[DEBUG]   Included: org.codehaus.plexus:plexus-utils:jar:2.0.5
[DEBUG]   Included: org.apache.maven.shared:maven-filtering:jar:1.1
[DEBUG]   Included: org.sonatype.plexus:plexus-build-api:jar:0.0.4
[DEBUG]   Included: org.codehaus.plexus:plexus-interpolation:jar:1.13
[DEBUG] Configuring mojo org.apache.maven.plugins:maven-resources-plugin:2.6:copy-resources from plugin realm ClassRealm[plugin>org.apache.maven.plugins:maven-resources-plugin:2.6, parent: sun.misc.Launcher$AppClassLoader@1efde7ba]
[DEBUG] Configuring mojo 'org.apache.maven.plugins:maven-resources-plugin:2.6:copy-resources' with basic configurator -->
[DEBUG]   (f) buildFilters = []
[DEBUG]   (f) encoding = UTF-8
[DEBUG]   (f) escapeWindowsPaths = true
[DEBUG]   (s) includeEmptyDirs = false
[DEBUG]   (s) outputDirectory = /Users/saisaranvaidyanathan/STS_Workspace/apigee-deploy-maven-plugin/samples/security-sharedflow/src/sharedflows/security/target/sharedflowbundle
[DEBUG]   (s) overwrite = true
[DEBUG]   (f) project = MavenProject: apigee:security-sharedflow:1.0 @ /Users/saisaranvaidyanathan/STS_Workspace/apigee-deploy-maven-plugin/samples/security-sharedflow/src/sharedflows/security/pom.xml
[DEBUG]   (s) directory = sharedflowbundle
[DEBUG]   (s) resources = [Resource {targetPath: null, filtering: false, FileSet {directory: sharedflowbundle, PatternSet [includes: {}, excludes: {}]}}]
[DEBUG]   (f) session = org.apache.maven.execution.MavenSession@1cbbbc31
[DEBUG]   (f) supportMultiLineFiltering = false
[DEBUG]   (f) useBuildFilters = true
[DEBUG]   (s) useDefaultDelimiters = true
[DEBUG] -- end configuration --
[DEBUG] properties used {java.vendor=Oracle Corporation, sun.java.launcher=SUN_STANDARD, env.XPC_SERVICE_NAME=0, sun.management.compiler=HotSpot 64-Bit Tiered Compilers, env.SECURITYSESSIONID=186a8, env.COLORFGBG=7;0, os.name=Mac OS X, apigee.authtype=${authtype}, sun.boot.class.path=/Library/Java/JavaVirtualMachines/jdk1.7.0_79.jdk/Contents/Home/jre/lib/resources.jar:/Library/Java/JavaVirtualMachines/jdk1.7.0_79.jdk/Contents/Home/jre/lib/rt.jar:/Library/Java/JavaVirtualMachines/jdk1.7.0_79.jdk/Contents/Home/jre/lib/sunrsasign.jar:/Library/Java/JavaVirtualMachines/jdk1.7.0_79.jdk/Contents/Home/jre/lib/jsse.jar:/Library/Java/JavaVirtualMachines/jdk1.7.0_79.jdk/Contents/Home/jre/lib/jce.jar:/Library/Java/JavaVirtualMachines/jdk1.7.0_79.jdk/Contents/Home/jre/lib/charsets.jar:/Library/Java/JavaVirtualMachines/jdk1.7.0_79.jdk/Contents/Home/jre/lib/jfr.jar:/Library/Java/JavaVirtualMachines/jdk1.7.0_79.jdk/Contents/Home/jre/classes, env.TMPDIR=/var/folders/s5/vyg882tn0tn9cdf6dz40rgb40000gr/T/, env.PWD=/Users/saisaranvaidyanathan/STS_Workspace/apigee-deploy-maven-plugin/samples/security-sharedflow/src/sharedflows/security, apigee.mfatoken=${mfatoken}, env.LANG=en_US.UTF-8, java.vm.specification.vendor=Oracle Corporation, java.runtime.version=1.7.0_79-b15, env.Apple_PubSub_Socket_Render=/private/tmp/com.apple.launchd.lCzKgR4Asl/Render, user.name=saisaranvaidyanathan, maven.build.version=Apache Maven 3.3.9 (bb52d8502b132ec0a5a3f4c09453c07478323dc5; 2015-11-10T08:41:47-08:00), env.USER=saisaranvaidyanathan, env.SHELL=/bin/bash, env.__CF_USER_TEXT_ENCODING=0x1F8:0:0, env.PATH=/Users/saisaranvaidyanathan/apache-maven-3.3.9/bin:/usr/local/bin:/usr/bin:/bin:/usr/sbin:/sbin:/usr/local/MacGPG2/bin, user.language=en, sun.boot.library.path=/Library/Java/JavaVirtualMachines/jdk1.7.0_79.jdk/Contents/Home/jre/lib, classworlds.conf=/Users/saisaranvaidyanathan/apache-maven-3.3.9/bin/m2.conf, env.XPC_FLAGS=0x0, java.version=1.7.0_79, user.timezone=America/Los_Angeles, sun.arch.data.model=64, java.endorsed.dirs=/Library/Java/JavaVirtualMachines/jdk1.7.0_79.jdk/Contents/Home/jre/lib/endorsed, sun.cpu.isalist=, sun.jnu.encoding=UTF-8, env.ITERM_SESSION_ID=w0t0p0:22B449B6-21C7-4E59-9B32-39C086A22E42, file.encoding.pkg=sun.io, env.SHLVL=1, file.separator=/, java.specification.name=Java Platform API Specification, java.class.version=51.0, org.slf4j.simpleLogger.defaultLogLevel=debug, user.country=US, apigee.profile=test, java.home=/Library/Java/JavaVirtualMachines/jdk1.7.0_79.jdk/Contents/Home/jre, java.vm.info=mixed mode, env.LOGNAME=saisaranvaidyanathan, os.version=10.11.3, env.TERM_PROGRAM_VERSION=3.0.13, path.separator=:, java.vm.version=24.79-b02, org=testmyapi, apigee.password=${password}, env.JAVA_MAIN_CLASS_76577=org.codehaus.plexus.classworlds.launcher.Launcher, env.JAVA_HOME=/Library/Java/JavaVirtualMachines/jdk1.7.0_79.jdk/Contents/Home, java.awt.printerjob=sun.lwawt.macosx.CPrinterJob, env.TERM=xterm-256color, sun.io.unicode.encoding=UnicodeBig, awt.toolkit=sun.lwawt.macosx.LWCToolkit, apigee.hosturl=https://api.enterprise.apigee.com, user.home=/Users/saisaranvaidyanathan, env.OLDPWD=/Users/saisaranvaidyanathan/STS_Workspace/apigee-deploy-maven-plugin/samples/security-sharedflow/src/sharedflows/security, java.specification.vendor=Oracle Corporation, options=validate, apigee.revision=${revision}, env.TERM_PROGRAM=iTerm.app, java.library.path=/Users/saisaranvaidyanathan/Library/Java/Extensions:/Library/Java/Extensions:/Network/Library/Java/Extensions:/System/Library/Java/Extensions:/usr/lib/java:., java.vendor.url=http://java.oracle.com/, env.MAVEN_CMD_LINE_ARGS= install -Ptest -X, java.vm.vendor=Oracle Corporation, gopherProxySet=false, apigee.env=test, apigee.username=${username}, maven.home=/Users/saisaranvaidyanathan/apache-maven-3.3.9, java.runtime.name=Java(TM) SE Runtime Environment, sun.java.command=org.codehaus.plexus.classworlds.launcher.Launcher install -Ptest -X, java.class.path=/Users/saisaranvaidyanathan/apache-maven-3.3.9/boot/plexus-classworlds-2.5.2.jar, env.TERM_SESSION_ID=w0t0p0:22B449B6-21C7-4E59-9B32-39C086A22E42, maven.version=3.3.9, java.vm.specification.name=Java Virtual Machine Specification, java.vm.specification.version=1.7, sun.cpu.endian=little, sun.os.patch.level=unknown, env.HOME=/Users/saisaranvaidyanathan, main.basedir=/Users/saisaranvaidyanathan/STS_Workspace/apigee-deploy-maven-plugin/samples/security-sharedflow/src/sharedflows/security, java.io.tmpdir=/var/folders/s5/vyg882tn0tn9cdf6dz40rgb40000gr/T/, apigee.options=validate, apigee.org=testmyapi, apigee.tokenurl=${tokenurl}, java.vendor.url.bug=http://bugreport.sun.com/bugreport/, maven.multiModuleProjectDirectory=/Users/saisaranvaidyanathan/STS_Workspace/apigee-deploy-maven-plugin/samples/security-sharedflow/src/sharedflows/security, env.SSH_AUTH_SOCK=/private/tmp/com.apple.launchd.OOmVSaCi8U/Listeners, env.COMMAND_MODE=unix2003, os.arch=x86_64, java.awt.graphicsenv=sun.awt.CGraphicsEnvironment, java.ext.dirs=/Users/saisaranvaidyanathan/Library/Java/Extensions:/Library/Java/JavaVirtualMachines/jdk1.7.0_79.jdk/Contents/Home/jre/lib/ext:/Library/Java/Extensions:/Network/Library/Java/Extensions:/System/Library/Java/Extensions:/usr/lib/java, user.dir=/Users/saisaranvaidyanathan/STS_Workspace/apigee-deploy-maven-plugin/samples/security-sharedflow/src/sharedflows/security, line.separator=
, java.vm.name=Java HotSpot(TM) 64-Bit Server VM, apigee.apiversion=v1, env.ITERM_PROFILE=Default, file.encoding=UTF-8, java.specification.version=1.7, env.MAVEN_PROJECTBASEDIR=/Users/saisaranvaidyanathan/STS_Workspace/apigee-deploy-maven-plugin/samples/security-sharedflow/src/sharedflows/security}
[INFO] Using 'UTF-8' encoding to copy filtered resources.
[DEBUG] resource with targetPath null
directory sharedflowbundle
excludes []
includes []
[DEBUG] ignoreDelta true
[INFO] Copying 5 resources
[DEBUG] file Quota-1.xml has a filtered file extension
[DEBUG] copy /Users/saisaranvaidyanathan/STS_Workspace/apigee-deploy-maven-plugin/samples/security-sharedflow/src/sharedflows/security/sharedflowbundle/policies/Quota-1.xml to /Users/saisaranvaidyanathan/STS_Workspace/apigee-deploy-maven-plugin/samples/security-sharedflow/src/sharedflows/security/target/sharedflowbundle/policies/Quota-1.xml
[DEBUG] file Spike-Arrest-1.xml has a filtered file extension
[DEBUG] copy /Users/saisaranvaidyanathan/STS_Workspace/apigee-deploy-maven-plugin/samples/security-sharedflow/src/sharedflows/security/sharedflowbundle/policies/Spike-Arrest-1.xml to /Users/saisaranvaidyanathan/STS_Workspace/apigee-deploy-maven-plugin/samples/security-sharedflow/src/sharedflows/security/target/sharedflowbundle/policies/Spike-Arrest-1.xml
[DEBUG] file Verify-API-Key-1.xml has a filtered file extension
[DEBUG] copy /Users/saisaranvaidyanathan/STS_Workspace/apigee-deploy-maven-plugin/samples/security-sharedflow/src/sharedflows/security/sharedflowbundle/policies/Verify-API-Key-1.xml to /Users/saisaranvaidyanathan/STS_Workspace/apigee-deploy-maven-plugin/samples/security-sharedflow/src/sharedflows/security/target/sharedflowbundle/policies/Verify-API-Key-1.xml
[DEBUG] file Shared-Flow.xml has a filtered file extension
[DEBUG] copy /Users/saisaranvaidyanathan/STS_Workspace/apigee-deploy-maven-plugin/samples/security-sharedflow/src/sharedflows/security/sharedflowbundle/Shared-Flow.xml to /Users/saisaranvaidyanathan/STS_Workspace/apigee-deploy-maven-plugin/samples/security-sharedflow/src/sharedflows/security/target/sharedflowbundle/Shared-Flow.xml
[DEBUG] file default.xml has a filtered file extension
[DEBUG] copy /Users/saisaranvaidyanathan/STS_Workspace/apigee-deploy-maven-plugin/samples/security-sharedflow/src/sharedflows/security/sharedflowbundle/sharedflows/default.xml to /Users/saisaranvaidyanathan/STS_Workspace/apigee-deploy-maven-plugin/samples/security-sharedflow/src/sharedflows/security/target/sharedflowbundle/sharedflows/default.xml
[DEBUG] no use filter components
[INFO] 
[INFO] --- apigee-edge-maven-plugin:1.1.3:configure (configure-bundle) @ security-sharedflow ---
[DEBUG] Dependency collection stats: {ConflictMarker.analyzeTime=2, ConflictMarker.markTime=0, ConflictMarker.nodeCount=300, ConflictIdSorter.graphTime=1, ConflictIdSorter.topsortTime=0, ConflictIdSorter.conflictIdCount=75, ConflictIdSorter.conflictIdCycleCount=0, ConflictResolver.totalTime=15, ConflictResolver.conflictItemCount=163, DefaultDependencyCollector.collectTime=272, DefaultDependencyCollector.transformTime=18}
[DEBUG] io.apigee.build-tools.enterprise4g:apigee-edge-maven-plugin:jar:1.1.3:
[DEBUG]    org.apache.maven:maven-plugin-api:jar:2.0:compile
[DEBUG]    com.google.http-client:google-http-client:jar:1.10.3-beta:compile
[DEBUG]       com.google.code.findbugs:jsr305:jar:1.3.9:compile
[DEBUG]       org.apache.httpcomponents:httpclient:jar:4.0.3:compile
[DEBUG]          org.apache.httpcomponents:httpcore:jar:4.0.1:compile
[DEBUG]          commons-codec:commons-codec:jar:1.3:compile
[DEBUG]       org.codehaus.jackson:jackson-core-asl:jar:1.9.4:compile
[DEBUG]       xpp3:xpp3:jar:1.1.4c:compile
[DEBUG]       com.google.protobuf:protobuf-java:jar:2.2.0:compile
[DEBUG]    org.slf4j:slf4j-log4j12:jar:1.6.6:compile
[DEBUG]       org.slf4j:slf4j-api:jar:1.6.6:compile
[DEBUG]       log4j:log4j:jar:1.2.17:compile
[DEBUG]    org.apache.commons:commons-lang3:jar:3.1:compile
[DEBUG]    com.google.guava:guava:jar:12.0:compile
[DEBUG]    com.google.code.gson:gson:jar:2.2.2:compile
[DEBUG]    xalan:xalan:jar:2.7.1:compile
[DEBUG]       xalan:serializer:jar:2.7.1:compile
[DEBUG]          xml-apis:xml-apis:jar:1.3.04:compile
[DEBUG]    org.eclipse.jgit:org.eclipse.jgit:jar:3.3.2.201404171909-r:compile
[DEBUG]       com.jcraft:jsch:jar:0.1.50:compile
[DEBUG]       com.googlecode.javaewah:JavaEWAH:jar:0.7.9:compile
[DEBUG]    org.apache.axis2:axis2-kernel:jar:1.3:compile
[DEBUG]       javax.servlet:servlet-api:jar:2.3:compile
[DEBUG]       commons-httpclient:commons-httpclient:jar:3.0.1:compile
[DEBUG]          junit:junit:jar:3.8.1:compile
[DEBUG]       commons-fileupload:commons-fileupload:jar:1.1.1:compile
[DEBUG]       wsdl4j:wsdl4j:jar:1.6.2:compile
[DEBUG]       backport-util-concurrent:backport-util-concurrent:jar:2.2:compile
[DEBUG]       org.codehaus.woodstox:wstx-asl:jar:3.2.1:compile
[DEBUG]          stax:stax-api:jar:1.0.1:compile
[DEBUG]       org.apache.ws.commons.schema:XmlSchema:jar:1.3.2:compile
[DEBUG]       org.apache.neethi:neethi:jar:2.0.2:compile
[DEBUG]       annogen:annogen:jar:0.1.0:compile
[DEBUG]       org.apache.geronimo.specs:geronimo-jms_1.1_spec:jar:1.1:compile
[DEBUG]       commons-logging:commons-logging:jar:1.1:compile
[DEBUG]          logkit:logkit:jar:1.0.1:compile
[DEBUG]          avalon-framework:avalon-framework:jar:4.1.3:compile
[DEBUG]       org.apache.ws.commons.axiom:axiom-api:jar:1.2.5:compile
[DEBUG]          jaxen:jaxen:jar:1.1-beta-9:compile
[DEBUG]       org.apache.ws.commons.axiom:axiom-impl:jar:1.2.5:compile
[DEBUG]       org.apache.ws.commons.axiom:axiom-dom:jar:1.2.5:compile
[DEBUG]       javax.mail:mail:jar:1.4:compile
[DEBUG]          javax.activation:activation:jar:1.1:compile
[DEBUG]       xerces:xercesImpl:jar:2.8.1:compile
[DEBUG]       commons-io:commons-io:jar:1.2:compile
[DEBUG]    org.apache.axis2:axis2-metadata:jar:1.3:compile
[DEBUG]       org.apache.axis2:axis2-jws-api:jar:1.3:compile
[DEBUG]          org.apache.ant:ant:jar:1.7.0:compile
[DEBUG]          org.apache.ant:ant-launcher:jar:1.7.0:compile
[DEBUG]       org.apache.axis2:axis2-jaxws-api:jar:1.3:compile
[DEBUG]          org.apache.axis2:axis2-saaj-api:jar:1.3:compile
[DEBUG]             org.apache.geronimo.specs:geronimo-javamail_1.4_spec:jar:1.0-M1:compile
[DEBUG]             org.apache.geronimo.specs:geronimo-activation_1.1_spec:jar:1.0-M1:compile
[DEBUG]       org.apache.axis2:axis2-saaj:jar:1.3:compile
[DEBUG]       com.sun.xml.bind:jaxb-impl:jar:2.0.5:compile
[DEBUG]          javax.xml.bind:jsr173_api:jar:1.0:compile
[DEBUG]       com.sun.xml.bind:jaxb-xjc:jar:2.0.5:compile
[DEBUG]       javax.xml.bind:jaxb-api:jar:2.0:compile
[DEBUG]    org.springframework:spring-core:jar:3.2.17.RELEASE:compile
[DEBUG]    org.springframework:spring-context:jar:3.2.17.RELEASE:compile
[DEBUG]       org.springframework:spring-aop:jar:3.2.17.RELEASE:compile
[DEBUG]          aopalliance:aopalliance:jar:1.0:compile
[DEBUG]       org.springframework:spring-beans:jar:3.2.17.RELEASE:compile
[DEBUG]       org.springframework:spring-expression:jar:3.2.17.RELEASE:compile
[DEBUG]    org.springframework:spring-web:jar:3.2.17.RELEASE:compile
[DEBUG]    org.springframework.security:spring-security-crypto:jar:3.2.9.RELEASE:compile
[DEBUG]    cglib:cglib:jar:2.2.2:compile
[DEBUG]       asm:asm:jar:3.3.1:compile
[DEBUG]    org.codehaus.plexus:plexus-utils:jar:1.1:runtime
[DEBUG] Created new class realm plugin>io.apigee.build-tools.enterprise4g:apigee-edge-maven-plugin:1.1.3
[DEBUG] Importing foreign packages into class realm plugin>io.apigee.build-tools.enterprise4g:apigee-edge-maven-plugin:1.1.3
[DEBUG]   Imported:  < maven.api
[DEBUG] Populating class realm plugin>io.apigee.build-tools.enterprise4g:apigee-edge-maven-plugin:1.1.3
[DEBUG]   Included: io.apigee.build-tools.enterprise4g:apigee-edge-maven-plugin:jar:1.1.3
[DEBUG]   Included: com.google.http-client:google-http-client:jar:1.10.3-beta
[DEBUG]   Included: com.google.code.findbugs:jsr305:jar:1.3.9
[DEBUG]   Included: org.apache.httpcomponents:httpclient:jar:4.0.3
[DEBUG]   Included: org.apache.httpcomponents:httpcore:jar:4.0.1
[DEBUG]   Included: commons-codec:commons-codec:jar:1.3
[DEBUG]   Included: org.codehaus.jackson:jackson-core-asl:jar:1.9.4
[DEBUG]   Included: xpp3:xpp3:jar:1.1.4c
[DEBUG]   Included: com.google.protobuf:protobuf-java:jar:2.2.0
[DEBUG]   Included: org.slf4j:slf4j-log4j12:jar:1.6.6
[DEBUG]   Included: log4j:log4j:jar:1.2.17
[DEBUG]   Included: org.apache.commons:commons-lang3:jar:3.1
[DEBUG]   Included: com.google.guava:guava:jar:12.0
[DEBUG]   Included: com.google.code.gson:gson:jar:2.2.2
[DEBUG]   Included: xalan:xalan:jar:2.7.1
[DEBUG]   Included: xalan:serializer:jar:2.7.1
[DEBUG]   Included: xml-apis:xml-apis:jar:1.3.04
[DEBUG]   Included: org.eclipse.jgit:org.eclipse.jgit:jar:3.3.2.201404171909-r
[DEBUG]   Included: com.jcraft:jsch:jar:0.1.50
[DEBUG]   Included: com.googlecode.javaewah:JavaEWAH:jar:0.7.9
[DEBUG]   Included: org.apache.axis2:axis2-kernel:jar:1.3
[DEBUG]   Included: javax.servlet:servlet-api:jar:2.3
[DEBUG]   Included: commons-httpclient:commons-httpclient:jar:3.0.1
[DEBUG]   Included: junit:junit:jar:3.8.1
[DEBUG]   Included: commons-fileupload:commons-fileupload:jar:1.1.1
[DEBUG]   Included: wsdl4j:wsdl4j:jar:1.6.2
[DEBUG]   Included: backport-util-concurrent:backport-util-concurrent:jar:2.2
[DEBUG]   Included: org.codehaus.woodstox:wstx-asl:jar:3.2.1
[DEBUG]   Included: stax:stax-api:jar:1.0.1
[DEBUG]   Included: org.apache.ws.commons.schema:XmlSchema:jar:1.3.2
[DEBUG]   Included: org.apache.neethi:neethi:jar:2.0.2
[DEBUG]   Included: annogen:annogen:jar:0.1.0
[DEBUG]   Included: org.apache.geronimo.specs:geronimo-jms_1.1_spec:jar:1.1
[DEBUG]   Included: commons-logging:commons-logging:jar:1.1
[DEBUG]   Included: logkit:logkit:jar:1.0.1
[DEBUG]   Included: avalon-framework:avalon-framework:jar:4.1.3
[DEBUG]   Included: org.apache.ws.commons.axiom:axiom-api:jar:1.2.5
[DEBUG]   Included: jaxen:jaxen:jar:1.1-beta-9
[DEBUG]   Included: org.apache.ws.commons.axiom:axiom-impl:jar:1.2.5
[DEBUG]   Included: org.apache.ws.commons.axiom:axiom-dom:jar:1.2.5
[DEBUG]   Included: javax.mail:mail:jar:1.4
[DEBUG]   Included: javax.activation:activation:jar:1.1
[DEBUG]   Included: xerces:xercesImpl:jar:2.8.1
[DEBUG]   Included: commons-io:commons-io:jar:1.2
[DEBUG]   Included: org.apache.axis2:axis2-metadata:jar:1.3
[DEBUG]   Included: org.apache.axis2:axis2-jws-api:jar:1.3
[DEBUG]   Included: org.apache.ant:ant:jar:1.7.0
[DEBUG]   Included: org.apache.ant:ant-launcher:jar:1.7.0
[DEBUG]   Included: org.apache.axis2:axis2-jaxws-api:jar:1.3
[DEBUG]   Included: org.apache.axis2:axis2-saaj-api:jar:1.3
[DEBUG]   Included: org.apache.geronimo.specs:geronimo-javamail_1.4_spec:jar:1.0-M1
[DEBUG]   Included: org.apache.geronimo.specs:geronimo-activation_1.1_spec:jar:1.0-M1
[DEBUG]   Included: org.apache.axis2:axis2-saaj:jar:1.3
[DEBUG]   Included: com.sun.xml.bind:jaxb-impl:jar:2.0.5
[DEBUG]   Included: javax.xml.bind:jsr173_api:jar:1.0
[DEBUG]   Included: com.sun.xml.bind:jaxb-xjc:jar:2.0.5
[DEBUG]   Included: javax.xml.bind:jaxb-api:jar:2.0
[DEBUG]   Included: org.springframework:spring-core:jar:3.2.17.RELEASE
[DEBUG]   Included: org.springframework:spring-context:jar:3.2.17.RELEASE
[DEBUG]   Included: org.springframework:spring-aop:jar:3.2.17.RELEASE
[DEBUG]   Included: aopalliance:aopalliance:jar:1.0
[DEBUG]   Included: org.springframework:spring-beans:jar:3.2.17.RELEASE
[DEBUG]   Included: org.springframework:spring-expression:jar:3.2.17.RELEASE
[DEBUG]   Included: org.springframework:spring-web:jar:3.2.17.RELEASE
[DEBUG]   Included: org.springframework.security:spring-security-crypto:jar:3.2.9.RELEASE
[DEBUG]   Included: cglib:cglib:jar:2.2.2
[DEBUG]   Included: asm:asm:jar:3.3.1
[DEBUG]   Included: org.codehaus.plexus:plexus-utils:jar:1.1
[DEBUG] Configuring mojo io.apigee.build-tools.enterprise4g:apigee-edge-maven-plugin:1.1.3:configure from plugin realm ClassRealm[plugin>io.apigee.build-tools.enterprise4g:apigee-edge-maven-plugin:1.1.3, parent: sun.misc.Launcher$AppClassLoader@1efde7ba]
[DEBUG] Configuring mojo 'io.apigee.build-tools.enterprise4g:apigee-edge-maven-plugin:1.1.3:configure' with basic configurator -->
[DEBUG]   (f) apiVersion = v1
[DEBUG]   (f) artifactId = security-sharedflow
[DEBUG]   (f) authType = basic
[DEBUG]   (s) baseDirectory = /Users/saisaranvaidyanathan/STS_Workspace/apigee-deploy-maven-plugin/samples/security-sharedflow/src/sharedflows/security
[DEBUG]   (f) buildDirectory = /Users/saisaranvaidyanathan/STS_Workspace/apigee-deploy-maven-plugin/samples/security-sharedflow/src/sharedflows/security/target
[DEBUG]   (f) deploymentEnv = test
[DEBUG]   (f) hostURL = https://api.enterprise.apigee.com
[DEBUG]   (s) id = test
[DEBUG]   (s) options = validate
[DEBUG]   (f) orgName = testmyapi
[DEBUG]   (f) projectName = security-sharedflow
[DEBUG]   (f) projectVersion = 1.0
[DEBUG]   (s) skip = false
[DEBUG]   (f) tokenURL = https://login.apigee.com/oauth/token
[DEBUG] -- end configuration --
[DEBUG] 

=============Now updating the configuration values for the App Bundle================


[DEBUG] =============Searching for XML files in the following directory ================
/Users/saisaranvaidyanathan/STS_Workspace/apigee-deploy-maven-plugin/samples/security-sharedflow/src/sharedflows/security/target/apiproxy/proxies
[DEBUG] =============Error Encountered in Searching files [/Users/saisaranvaidyanathan/STS_Workspace/apigee-deploy-maven-plugin/samples/security-sharedflow/src/sharedflows/security/target/apiproxy/proxies]================
java.lang.NullPointerException
[INFO] ============= Reading the config file located at ================
/Users/saisaranvaidyanathan/STS_Workspace/apigee-deploy-maven-plugin/samples/security-sharedflow/src/sharedflows/security/config.json
[DEBUG] =============Searching for XML files in the following directory ================
/Users/saisaranvaidyanathan/STS_Workspace/apigee-deploy-maven-plugin/samples/security-sharedflow/src/sharedflows/security/target/apiproxy/policies
[DEBUG] =============Error Encountered in Searching files [/Users/saisaranvaidyanathan/STS_Workspace/apigee-deploy-maven-plugin/samples/security-sharedflow/src/sharedflows/security/target/apiproxy/policies]================
java.lang.NullPointerException
[DEBUG] =============Searching for XML files in the following directory ================
/Users/saisaranvaidyanathan/STS_Workspace/apigee-deploy-maven-plugin/samples/security-sharedflow/src/sharedflows/security/target/apiproxy/stepdefinitions
[DEBUG] =============Error Encountered in Searching files [/Users/saisaranvaidyanathan/STS_Workspace/apigee-deploy-maven-plugin/samples/security-sharedflow/src/sharedflows/security/target/apiproxy/stepdefinitions]================
java.lang.NullPointerException
[DEBUG] =============Searching for XML files in the following directory ================
/Users/saisaranvaidyanathan/STS_Workspace/apigee-deploy-maven-plugin/samples/security-sharedflow/src/sharedflows/security/target/apiproxy/targets
[DEBUG] =============Error Encountered in Searching files [/Users/saisaranvaidyanathan/STS_Workspace/apigee-deploy-maven-plugin/samples/security-sharedflow/src/sharedflows/security/target/apiproxy/targets]================
java.lang.NullPointerException
[DEBUG] =============Searching for XML files in the following directory ================
/Users/saisaranvaidyanathan/STS_Workspace/apigee-deploy-maven-plugin/samples/security-sharedflow/src/sharedflows/security/target/apiproxy
[DEBUG] =============Error Encountered in Searching files [/Users/saisaranvaidyanathan/STS_Workspace/apigee-deploy-maven-plugin/samples/security-sharedflow/src/sharedflows/security/target/apiproxy]================
java.lang.NullPointerException
[ERROR] Index: 0, Size: 0
[INFO] ------------------------------------------------------------------------
[INFO] BUILD FAILURE
[INFO] ------------------------------------------------------------------------
[INFO] Total time: 0.822 s
[INFO] Finished at: 2017-01-19T15:14:27-08:00
[INFO] Final Memory: 9M/243M
[INFO] ------------------------------------------------------------------------
[ERROR] Failed to execute goal io.apigee.build-tools.enterprise4g:apigee-edge-maven-plugin:1.1.3:configure (configure-bundle) on project security-sharedflow: Index: 0, Size: 0 -> [Help 1]
org.apache.maven.lifecycle.LifecycleExecutionException: Failed to execute goal io.apigee.build-tools.enterprise4g:apigee-edge-maven-plugin:1.1.3:configure (configure-bundle) on project security-sharedflow: Index: 0, Size: 0
	at org.apache.maven.lifecycle.internal.MojoExecutor.execute(MojoExecutor.java:212)
	at org.apache.maven.lifecycle.internal.MojoExecutor.execute(MojoExecutor.java:153)
	at org.apache.maven.lifecycle.internal.MojoExecutor.execute(MojoExecutor.java:145)
	at org.apache.maven.lifecycle.internal.LifecycleModuleBuilder.buildProject(LifecycleModuleBuilder.java:116)
	at org.apache.maven.lifecycle.internal.LifecycleModuleBuilder.buildProject(LifecycleModuleBuilder.java:80)
	at org.apache.maven.lifecycle.internal.builder.singlethreaded.SingleThreadedBuilder.build(SingleThreadedBuilder.java:51)
	at org.apache.maven.lifecycle.internal.LifecycleStarter.execute(LifecycleStarter.java:128)
	at org.apache.maven.DefaultMaven.doExecute(DefaultMaven.java:307)
	at org.apache.maven.DefaultMaven.doExecute(DefaultMaven.java:193)
	at org.apache.maven.DefaultMaven.execute(DefaultMaven.java:106)
	at org.apache.maven.cli.MavenCli.execute(MavenCli.java:863)
	at org.apache.maven.cli.MavenCli.doMain(MavenCli.java:288)
	at org.apache.maven.cli.MavenCli.main(MavenCli.java:199)
	at sun.reflect.NativeMethodAccessorImpl.invoke0(Native Method)
	at sun.reflect.NativeMethodAccessorImpl.invoke(NativeMethodAccessorImpl.java:57)
	at sun.reflect.DelegatingMethodAccessorImpl.invoke(DelegatingMethodAccessorImpl.java:43)
	at java.lang.reflect.Method.invoke(Method.java:606)
	at org.codehaus.plexus.classworlds.launcher.Launcher.launchEnhanced(Launcher.java:289)
	at org.codehaus.plexus.classworlds.launcher.Launcher.launch(Launcher.java:229)
	at org.codehaus.plexus.classworlds.launcher.Launcher.mainWithExitCode(Launcher.java:415)
	at org.codehaus.plexus.classworlds.launcher.Launcher.main(Launcher.java:356)
Caused by: org.apache.maven.plugin.MojoExecutionException: Index: 0, Size: 0
	at io.apigee.buildTools.enterprise4g.mavenplugin.ConfigureMojo.configurePackage(ConfigureMojo.java:125)
	at io.apigee.buildTools.enterprise4g.mavenplugin.ConfigureMojo.execute(ConfigureMojo.java:51)
	at org.apache.maven.plugin.DefaultBuildPluginManager.executeMojo(DefaultBuildPluginManager.java:134)
	at org.apache.maven.lifecycle.internal.MojoExecutor.execute(MojoExecutor.java:207)
	... 20 more
[ERROR] 
[ERROR] 
[ERROR] For more information about the errors and possible solutions, please read the following articles:
[ERROR] [Help 1] http://cwiki.apache.org/confluence/display/MAVEN/MojoExecutionException
